/usr/bin/python3
Trying cross compiler...
/usr/bin/aarch64-linux-gnu-gcc
Building for: mt7986_tplink_tl-xdr608x, fixed-mtdparts: 1, multi-layout: 0
u-boot dir: uboot-mtk-20220606
atf dir: atf-20250212-e09077068
Build u-boot...
Build u-boot with fixed-mtdparts!
make: Entering directory '/home/runner/work/bl-mt798x-oss/bl-mt798x-oss/uboot-mtk-20220606'
  HOSTCC  scripts/basic/fixdep
  HOSTCC  scripts/kconfig/conf.o
  YACC    scripts/kconfig/zconf.tab.c
  LEX     scripts/kconfig/zconf.lex.c
  HOSTCC  scripts/kconfig/zconf.tab.o
  HOSTLD  scripts/kconfig/conf
scripts/kconfig/conf  --olddefconfig Kconfig
#
# configuration written to .config
#
make: Leaving directory '/home/runner/work/bl-mt798x-oss/bl-mt798x-oss/uboot-mtk-20220606'
make: Entering directory '/home/runner/work/bl-mt798x-oss/bl-mt798x-oss/uboot-mtk-20220606'
make: Leaving directory '/home/runner/work/bl-mt798x-oss/bl-mt798x-oss/uboot-mtk-20220606'
make: Entering directory '/home/runner/work/bl-mt798x-oss/bl-mt798x-oss/uboot-mtk-20220606'
  HOSTCC  scripts/basic/fixdep
  HOSTCC  scripts/kconfig/conf.o
  YACC    scripts/kconfig/zconf.tab.c
  LEX     scripts/kconfig/zconf.lex.c
  HOSTCC  scripts/kconfig/zconf.tab.o
  HOSTLD  scripts/kconfig/conf
scripts/kconfig/conf  --syncconfig Kconfig
  UPD     include/config.h
  CFG     u-boot.cfg
  GEN     include/autoconf.mk.dep
  GEN     include/autoconf.mk
  UPD     include/generated/dt.h
  UPD     include/generated/timestamp_autogenerated.h
  ENVC    include/generated/env.txt
  UPD     include/config/uboot.release
  ENVP    include/generated/env.in
  UPD     include/generated/version_autogenerated.h
  ENVT    include/generated/environment.h
  HOSTCC  scripts/dtc/dtc.o
  HOSTCC  scripts/dtc/flattree.o
  HOSTCC  scripts/dtc/fstree.o
  HOSTCC  scripts/dtc/data.o
  HOSTCC  scripts/dtc/livetree.o
===================== WARNING ======================
CONFIG_OF_EMBED is enabled. This option should only
be used for debugging purposes. Please use
CONFIG_OF_SEPARATE for boards in mainline.
See doc/develop/devicetree/control.rst for more info.
====================================================
  CFGCHK  u-boot.cfg
  CC      lib/asm-offsets.s
  CC      arch/arm/lib/asm-offsets.s
  OFCHK   .config
  UPD     include/generated/generic-asm-offsets.h
  UPD     include/generated/asm-offsets.h
  HOSTCC  scripts/dtc/treesource.o
  HOSTCC  scripts/dtc/srcpos.o
  LDS     u-boot.lds
  HOSTCC  scripts/dtc/checks.o
  HOSTCC  scripts/dtc/util.o
  LEX     scripts/dtc/dtc-lexer.lex.c
  YACC    scripts/dtc/dtc-parser.tab.h
  YACC    scripts/dtc/dtc-parser.tab.c
  HOSTCC  scripts/dtc/dtc-parser.tab.o
  HOSTCC  scripts/dtc/dtc-lexer.lex.o
  HOSTLD  scripts/dtc/dtc
  HOSTCC  tools/gen_eth_addr
  HOSTCC  tools/gen_ethaddr_crc.o
  WRAP    tools/lib/crc8.c
  HOSTCC  tools/img2srec
  HOSTCC  tools/mkenvimage.o
  HOSTCC  tools/os_support.o
  WRAP    tools/lib/crc32.c
  HOSTCC  tools/aisimage.o
  HOSTCC  tools/atmelimage.o
  HOSTCC  tools/fit_common.o
  HOSTCC  tools/fit_image.o
  HOSTCC  tools/image-host.o
  WRAP    tools/boot/image-fit.c
  HOSTCC  tools/image-sig-host.o
  WRAP    tools/boot/image-fit-sig.c
  WRAP    tools/boot/image-cipher.c
  WRAP    tools/boot/fdt_region.c
  WRAP    tools/boot/bootm.c
  HOSTCC  tools/lib/crc32.o
  HOSTCC  tools/default_image.o
  WRAP    tools/lib/fdtdec_common.c
  WRAP    tools/lib/fdtdec.c
  WRAP    tools/boot/image.c
  WRAP    tools/boot/image-host.c
  HOSTCC  tools/imagetool.o
  HOSTCC  tools/imximage.o
  HOSTCC  tools/imx8image.o
  HOSTCC  tools/imx8mimage.o
  HOSTCC  tools/kwbimage.o
  WRAP    tools/lib/md5.c
  HOSTCC  tools/lpc32xximage.o
  HOSTCC  tools/mxsimage.o
  HOSTCC  tools/omapimage.o
  HOSTCC  tools/pblimage.o
  HOSTCC  tools/pbl_crc32.o
  HOSTCC  tools/vybridimage.o
  HOSTCC  tools/stm32image.o
  WRAP    tools/lib/rc4.c
  HOSTCC  tools/rkcommon.o
  HOSTCC  tools/rkimage.o
  HOSTCC  tools/rksd.o
  HOSTCC  tools/rkspi.o
  HOSTCC  tools/socfpgaimage.o
  HOSTCC  tools/sunxi_egon.o
  WRAP    tools/lib/crc16-ccitt.c
  WRAP    tools/lib/hash-checksum.c
  WRAP    tools/lib/sha1.c
  WRAP    tools/lib/sha256.c
  WRAP    tools/lib/sha512.c
  WRAP    tools/common/hash.c
  HOSTCC  tools/ublimage.o
  HOSTCC  tools/zynqimage.o
  HOSTCC  tools/zynqmpimage.o
  HOSTCC  tools/zynqmpbif.o
  WRAP    tools/lib/fdt-libcrypto.c
  HOSTCC  tools/sunxi_toc0.o
  HOSTCC  tools/libfdt/fdt.o
  HOSTCC  tools/libfdt/fdt_ro.o
  HOSTCC  tools/libfdt/fdt_wip.o
  HOSTCC  tools/libfdt/fdt_sw.o
  HOSTCC  tools/libfdt/fdt_rw.o
  HOSTCC  tools/libfdt/fdt_strerror.o
  HOSTCC  tools/libfdt/fdt_empty_tree.o
  HOSTCC  tools/libfdt/fdt_addresses.o
  HOSTCC  tools/libfdt/fdt_overlay.o
  HOSTCC  tools/gpimage.o
  HOSTCC  tools/gpimage-common.o
  HOSTCC  tools/mtk_image.o
  WRAP    tools/lib/ecdsa/ecdsa-libcrypto.c
  WRAP    tools/lib/rsa/rsa-sign.c
  WRAP    tools/lib/rsa/rsa-verify.c
  WRAP    tools/lib/rsa/rsa-mod-exp.c
  WRAP    tools/lib/aes/aes-encrypt.c
  WRAP    tools/lib/aes/aes-decrypt.c
  HOSTCC  tools/dumpimage.o
  HOSTCC  tools/boot/image-fit.o
  HOSTCC  tools/boot/image-fit-sig.o
  HOSTCC  tools/boot/image-cipher.o
  HOSTCC  tools/boot/fdt_region.o
  HOSTCC  tools/boot/bootm.o
  HOSTCC  tools/lib/fdtdec_common.o
  HOSTCC  tools/lib/fdtdec.o
  HOSTCC  tools/boot/image.o
  HOSTCC  tools/boot/image-host.o
  HOSTCC  tools/lib/md5.o
  HOSTCC  tools/lib/rc4.o
  HOSTCC  tools/lib/crc16-ccitt.o
  HOSTCC  tools/lib/hash-checksum.o
  HOSTCC  tools/lib/sha1.o
  HOSTCC  tools/lib/sha256.o
  HOSTCC  tools/lib/sha512.o
  HOSTCC  tools/common/hash.o
  HOSTCC  tools/lib/fdt-libcrypto.o
  HOSTCC  tools/lib/ecdsa/ecdsa-libcrypto.o
  HOSTCC  tools/lib/rsa/rsa-sign.o
  HOSTCC  tools/lib/rsa/rsa-verify.o
  HOSTCC  tools/lib/rsa/rsa-mod-exp.o
In file included from tools/lib/rsa/rsa-verify.c:1:
./tools/../lib/rsa/rsa-verify.c: In function ‘padding_pss_verify’:
./tools/../lib/rsa/rsa-verify.c:275:11: warning: ‘*db’ may be used uninitialized [-Wmaybe-uninitialized]
  275 |         db[0] &= 0xff >> leftmost_bits;
      |         ~~^~~
./tools/../lib/rsa/rsa-verify.c:275:11: warning: ‘*db’ may be used uninitialized [-Wmaybe-uninitialized]
  HOSTCC  tools/lib/aes/aes-encrypt.o
  HOSTCC  tools/lib/aes/aes-decrypt.o
  HOSTCC  tools/mkimage.o
  HOSTCC  tools/fit_info.o
  HOSTCC  tools/fit_check_sign.o
  HOSTCC  tools/proftool
  HOSTCC  tools/relocate-rela
  HOSTCC  tools/fdtgrep.o
  HOSTCC  tools/spl_size_limit
  HOSTCC  tools/lib/crc8.o
  HOSTLD  tools/mkenvimage
  HOSTLD  tools/dumpimage
  HOSTLD  tools/mkimage
  HOSTLD  tools/fit_info
  HOSTLD  tools/fit_check_sign
  HOSTLD  tools/gen_ethaddr_crc
  HOSTLD  tools/fdtgrep
  AR      arch/arm/cpu/built-in.o
  CC      arch/arm/cpu/armv8/cpu.o
  CC      arch/arm/cpu/armv8/generic_timer.o
  AS      arch/arm/lib/crt0_64.o
  CC      arch/arm/mach-mediatek/mt7986/init.o
  AS      arch/arm/lib/setjmp_aarch64.o
  AS      arch/arm/lib/relocate_64.o
  AS      arch/arm/mach-mediatek/mt7986/lowlevel_init.o
  CC      arch/arm/cpu/armv8/cache_v8.o
  CC      board/mediatek/common/empty.o
  CC      arch/arm/lib/bootm-fdt.o
  AR      arch/arm/mach-mediatek/mt7986/built-in.o
  CC      board/mediatek/common/load_data.o
  CC      arch/arm/lib/bootm.o
  CC      arch/arm/lib/image.o
  CC      board/mediatek/common/upgrade_helper.o
  CC      arch/arm/lib/bdinfo.o
  AS      arch/arm/cpu/armv8/cache.o
  CC      arch/arm/lib/sections.o
  AS      arch/arm/cpu/armv8/exceptions.o
  CC      arch/arm/lib/stack.o
  CC      arch/arm/cpu/armv8/exception_level.o
  CC      arch/arm/lib/interrupts_64.o
  AS      arch/arm/cpu/armv8/tlb.o
  AS      arch/arm/cpu/armv8/transition.o
  CC      arch/arm/cpu/armv8/fwcall.o
  CC      arch/arm/cpu/armv8/cpu-dt.o
  CC      arch/arm/lib/reset.o
  AS      arch/arm/cpu/armv8/smccc-call.o
  CC      arch/arm/lib/cache.o
  CC      board/mediatek/common/boot_helper.o
  AS      arch/arm/cpu/armv8/start.o
  AR      arch/arm/cpu/armv8/built-in.o
board/mediatek/common/boot_helper.c:270:14: warning: ‘strnconcat’ defined but not used [-Wunused-function]
  270 | static char *strnconcat(char *dst, const char *src, size_t n)
      |              ^~~~~~~~~~
board/mediatek/common/boot_helper.c:262:14: warning: ‘strconcat’ defined but not used [-Wunused-function]
  262 | static char *strconcat(char *dst, const char *src)
      |              ^~~~~~~~~
  CC      arch/arm/lib/psci-dt.o
  AR      arch/arm/lib/lib.a
  AR      arch/arm/lib/built-in.o
  CC      board/mediatek/common/untar.o
  CC      arch/arm/mach-mediatek/cpu.o
  CC      board/mediatek/common/image_helper.o
  CC      board/mediatek/mt7986/mt7986_rfb.o
  CC      boot/bootm.o
  AR      arch/arm/mach-mediatek/built-in.o
  CC      board/mediatek/mt7986/bootmenu_ubi.o
  CC      board/mediatek/common/verify_helper.o
  CC      boot/bootm_os.o
board/mediatek/mt7986/bootmenu_ubi.c:95:12: warning: ‘erase_env’ defined but not used [-Wunused-function]
   95 | static int erase_env(void *priv, const struct data_part_entry *dpe,
      |            ^~~~~~~~~
  AR      board/mediatek/mt7986/built-in.o
  CC      board/mediatek/common/dm_parser.o
  CC      board/mediatek/common/ubi_helper.o
  CC      boot/image.o
  CC      boot/image-board.o
  AR      cmd/arm/built-in.o
  CC      cmd/boot.o
  CC      cmd/bootm.o
  CC      board/mediatek/common/cmd_mtkupgrade.o
  CC      common/init/board_init.o
  CC      boot/bootdev-uclass.o
  CC      cmd/help.o
  AR      common/init/built-in.o
  CC      cmd/panic.o
  CC      board/mediatek/common/cmd_mtkload.o
  CC      common/main.o
  CC      cmd/version.o
  CC      cmd/blk_common.o
  CC      board/mediatek/common/cmd_mtkboardboot.o
  CC      common/exports.o
  CC      boot/system_bootdev.o
  CC      cmd/bootflow.o
  CC      board/mediatek/common/cmd_mtkautoboot.o
  CC      common/cli_hush.o
  CC      boot/bootflow.o
  AR      board/mediatek/common/built-in.o
  CC      cmd/source.o
  CC      common/autoboot.o
common/autoboot.c:484:13: warning: ‘try_auto_upgrade’ defined but not used [-Wunused-function]
  484 | static void try_auto_upgrade(void)
      |             ^~~~~~~~~~~~~~~~
  CC      cmd/bdinfo.o
  CC      boot/bootmeth-uclass.o
  CC      common/board_f.o
  CC      cmd/blkcache.o
  CC      boot/bootstd-uclass.o
  CC      cmd/bootmenu.o
  CC      disk/part.o
  CC      boot/image-fdt.o
  CC      cmd/booti.o
  CC      common/board_r.o
  CC      disk/disk-uclass.o
  CC      cmd/button.o
  CC      boot/image-fit.o
  CC      cmd/console.o
  CC      disk/part_dos.o
  CC      common/board_info.o
  CC      cmd/dm.o
  CC      common/fdt_support.o
  CC      cmd/echo.o
  CC      cmd/exit.o
  CC      disk/part_efi.o
  CC      cmd/fdt.o
  AR      boot/built-in.o
  CC      common/miiphyutil.o
  CC      cmd/gpio.o
  AR      disk/built-in.o
  CC      common/splash.o
  CC      cmd/itest.o
  CC      common/menu.o
  CC      cmd/led.o
  CC      common/cli_readline.o
  CC      cmd/led_blink.o
  AR      drivers/adc/built-in.o
  AR      drivers/ata/built-in.o
  AR      drivers/axi/built-in.o
  CC      drivers/block/blk-uclass.o
  CC      cmd/load.o
  CC      cmd/mem.o
  CC      common/cli_simple.o
  CC      common/console.o
  AR      drivers/usb/cdns3/built-in.o
  AR      drivers/bus/built-in.o
  AR      drivers/usb/common/built-in.o
  CC      drivers/block/blkcache.o
  CC      cmd/sleep.o
  CC      common/dlmalloc.o
  CC      cmd/mmc.o
  AR      drivers/block/built-in.o
  CC      drivers/button/button-uclass.o
  AR      drivers/cache/built-in.o
  AR      drivers/usb/dwc3/built-in.o
  CC      drivers/button/button-gpio.o
  CC      cmd/mtd.o
  AR      drivers/button/built-in.o
  AR      drivers/clk/analogbits/built-in.o
  AR      drivers/clk/imx/built-in.o
  CC      drivers/core/device.o
  CC      common/malloc_simple.o
  CC      drivers/clk/mediatek/clk-mtk.o
  CC      common/hash.o
  CC      cmd/mtdparts.o
  CC      common/memsize.o
  CC      drivers/clk/mediatek/clk-mt7986.o
  CC      common/stdio.o
  AR      drivers/clk/mediatek/built-in.o
  CC      drivers/core/fdtaddr.o
  CC      common/cli.o
  AR      drivers/clk/tegra/built-in.o
  AR      drivers/clk/ti/built-in.o
  CC      drivers/clk/clk-uclass.o
  CC      drivers/core/lists.o
In file included from include/linux/printk.h:4,
                 from include/common.h:20,
                 from drivers/clk/clk-uclass.c:11:
drivers/clk/clk-uclass.c: In function ‘clk_get_rate’:
drivers/clk/clk-uclass.c:484:45: warning: format ‘%d’ expects argument of type ‘int’, but argument 7 has type ‘ulong’ {aka ‘long unsigned int’} [-Wformat=]
  484 |                 log(LOG_CATEGORY, LOGL_ERR, "returning err=%d\n", ret);
      |                                             ^~~~~~~~~~~~~~~~~~~~
include/log.h:165:21: note: in definition of macro ‘pr_fmt’
  165 | #define pr_fmt(fmt) fmt
      |                     ^~~
drivers/clk/clk-uclass.c:484:17: note: in expansion of macro ‘log’
  484 |                 log(LOG_CATEGORY, LOGL_ERR, "returning err=%d\n", ret);
      |                 ^~~
drivers/clk/clk-uclass.c:484:61: note: format string is defined here
  484 |                 log(LOG_CATEGORY, LOGL_ERR, "returning err=%d\n", ret);
      |                                                            ~^
      |                                                             |
      |                                                             int
      |                                                            %ld
  CC      common/command.o
common/command.c:586:20: warning: conflicting types for ‘cmd_process’ due to enum/integer mismatch; have ‘enum command_ret_t(int,  int,  char * const*, int *, ulong *)’ {aka ‘enum command_ret_t(int,  int,  char * const*, int *, long unsigned int *)’} [-Wenum-int-mismatch]
  586 | enum command_ret_t cmd_process(int flag, int argc, char *const argv[],
      |                    ^~~~~~~~~~~
In file included from common/command.c:13:
include/command.h:234:5: note: previous declaration of ‘cmd_process’ with type ‘int(int,  int,  char * const*, int *, long unsigned int *)’
  234 | int cmd_process(int flag, int argc, char *const argv[], int *repeatable,
      |     ^~~~~~~~~~~
  CC      drivers/core/root.o
  CC      cmd/nand-ext.o
  CC      drivers/clk/clk_fixed_rate.o
  CC      common/log.o
  CC      drivers/clk/clk_fixed_factor.o
  CC      drivers/core/uclass.o
  AR      drivers/clk/built-in.o
  AR      drivers/usb/emul/built-in.o
  CC      cmd/net.o
  CC      common/log_console.o
  CC      common/s_record.o
  CC      drivers/core/util.o
  CC      cmd/pci.o
  AR      drivers/crypto/aspeed/built-in.o
  CC      common/xyzModem.o
  CC      drivers/crypto/fsl/sec.o
  CC      drivers/core/tag.o
  AR      drivers/crypto/fsl/built-in.o
  AR      drivers/crypto/hash/built-in.o
  AR      drivers/crypto/rsa_mod_exp/built-in.o
  AR      drivers/crypto/built-in.o
  CC      drivers/core/device-remove.o
  CC      common/poller.o
  CC      cmd/pinmux.o
  AR      drivers/usb/eth/built-in.o
  CC      drivers/core/simple-bus.o
  AR      common/built-in.o
  CC      drivers/core/dump.o
  AR      drivers/dfu/built-in.o
  CC      cmd/setexpr.o
  CC      cmd/smccc.o
  AR      drivers/usb/host/built-in.o
  CC      drivers/firmware/firmware-uclass.o
  CC      drivers/firmware/psci.o
  CC      drivers/core/regmap.o
  CC      drivers/core/syscon-uclass.o
  CC      cmd/test.o
  AR      drivers/firmware/built-in.o
  CC      cmd/ubi.o
  AR      drivers/usb/mtu3/built-in.o
  AR      drivers/usb/musb/built-in.o
  CC      drivers/core/of_extra.o
  AR      drivers/usb/musb-new/built-in.o
  CC      cmd/ubifs.o
  CC      drivers/gpio/gpio-uclass.o
  CC      drivers/core/ofnode.o
  CC      drivers/input/key_matrix.o
  AR      drivers/input/built-in.o
  CC      cmd/unlz4.o
  CC      drivers/core/read_extra.o
  CC      cmd/unzip.o
  AR      drivers/usb/phy/built-in.o
  CC      cmd/lzmadec.o
  AR      drivers/usb/ulpi/built-in.o
  CC      cmd/ximg.o
  AR      drivers/iommu/built-in.o
  DTC     arch/arm/dts/mt7622-rfb.dtb
  AR      drivers/gpio/built-in.o
arch/arm/dts/mt7622-rfb.dtb: Warning (ranges_format): /reserved-memory:ranges: empty "ranges" property but its #address-cells (2) differs from / (1)
arch/arm/dts/mt7622-rfb.dtb: Warning (ranges_format): /reserved-memory:ranges: empty "ranges" property but its #size-cells (2) differs from / (1)
  DTC     arch/arm/dts/mt7623a-unielec-u7623-02-emmc.dtb
  AR      drivers/core/built-in.o
  CC      cmd/glbtn.o
  DTC     arch/arm/dts/mt7622-bananapi-bpi-r64.dtb
arch/arm/dts/mt7622-bananapi-bpi-r64.dtb: Warning (ranges_format): /reserved-memory:ranges: empty "ranges" property but its #address-cells (2) differs from / (1)
arch/arm/dts/mt7622-bananapi-bpi-r64.dtb: Warning (ranges_format): /reserved-memory:ranges: empty "ranges" property but its #size-cells (2) differs from / (1)
  DTC     arch/arm/dts/mt7623n-bananapi-bpi-r2.dtb
  CC      cmd/nvedit.o
  CC      drivers/led/led-uclass.o
  DTC     arch/arm/dts/mt7629-rfb.dtb
  DTC     arch/arm/dts/mt7981-rfb.dtb
  CC      drivers/led/led_gpio.o
  DTC     arch/arm/dts/mt7981-snfi-nand-rfb.dtb
  DTC     arch/arm/dts/mt7981-spim-nand-rfb.dtb
  DTC     arch/arm/dts/mt7981-spim-nor-rfb.dtb
  DTC     arch/arm/dts/mt7981-emmc-rfb.dtb
  AR      drivers/mailbox/built-in.o
  DTC     arch/arm/dts/mt7981-sd-rfb.dtb
  CC      env/common.o
  AR      drivers/led/built-in.o
  DTC     arch/arm/dts/mt7981-fpga-snfi-nand.dtb
  DTC     arch/arm/dts/mt7981-fpga-spim-nand.dtb
  DTC     arch/arm/dts/mt7981-fpga-spim-nor.dtb
  AR      drivers/memory/built-in.o
  AR      drivers/misc/built-in.o
  DTC     arch/arm/dts/mt7981-fpga-emmc.dtb
  CC      drivers/mmc/mmc.o
  DTC     arch/arm/dts/mt7981-fpga-sd.dtb
  DTC     arch/arm/dts/mt7986a-rfb.dtb
  AR      cmd/built-in.o
  DTC     arch/arm/dts/mt7986b-rfb.dtb
  DTC     arch/arm/dts/mt7986a-sd-rfb.dtb
  DTC     arch/arm/dts/mt7986b-sd-rfb.dtb
  CC      env/env.o
  DTC     arch/arm/dts/mt7986-fpga.dtb
  DTC     arch/arm/dts/mt7988-a53-fpga.dtb
  CC      failsafe/fs.o
  DTC     arch/arm/dts/mt7988-fpga.dtb
  DTC     arch/arm/dts/mt8183-pumpkin.dtb
  DTC     arch/arm/dts/mt8512-bm1-emmc.dtb
  CC      failsafe/failsafe.o
  DTC     arch/arm/dts/mt8516-pumpkin.dtb
  CC      env/attr.o
  DTC     arch/arm/dts/mt8518-ap1-emmc.dtb
  DTC     arch/arm/dts/mt7986a-tplink-tl-xdr608x.dtb
  SHIPPED dts/dt.dtb
  DTB     dts/dt.dtb.S
  AS      dts/dt.dtb.o
  CC      env/flags.o
  AR      dts/built-in.o
  CC      fs/ubifs/ubifs.o
  AR      failsafe/built-in.o
  CC      fs/fs.o
  CC      env/callback.o
  CC      env/ubi.o
  AR      env/built-in.o
  CC      drivers/mmc/mmc-uclass.o
  CC      drivers/mtd/nand/spi/core.o
  CC      fs/ubifs/io.o
  AR      drivers/mtd/onenand/built-in.o
  AR      drivers/net/mscc_eswitch/built-in.o
  CC      drivers/net/phy/phy.o
  CC      drivers/mmc/mmc_bootdev.o
  CC      drivers/mmc/mmc_write.o
  CC      fs/ubifs/super.o
  CC      drivers/mmc/mtk-sd.o
  CC      drivers/net/phy/fixed.o
  CC      drivers/mtd/nand/spi/gigadevice.o
  AR      drivers/net/phy/built-in.o
  AR      drivers/net/qe/built-in.o
  AR      drivers/net/ti/built-in.o
  CC      drivers/net/mtk_eth.o
  CC      drivers/mtd/nand/spi/gsto.o
drivers/net/mtk_eth.c:1114:12: warning: ‘an8855_sgmii_setup’ defined but not used [-Wunused-function]
 1114 | static int an8855_sgmii_setup(struct mtk_eth_priv *priv, int force)
      |            ^~~~~~~~~~~~~~~~~~
  CC      drivers/mtd/nand/spi/macronix.o
  CC      drivers/mtd/nand/spi/micron.o
  CC      fs/ubifs/sb.o
  CC      drivers/mtd/nand/spi/toshiba.o
  AR      drivers/mmc/built-in.o
  CC      drivers/mtd/nand/spi/winbond.o
  CC      drivers/mtd/nand/core.o
  CC      fs/ubifs/master.o
  CC      drivers/mtd/nand/spi/foresee.o
  CC      drivers/mtd/nand/spi/etron.o
  AR      lib/crypto/built-in.o
  CC      lib/libfdt/fdt.o
  AR      drivers/net/built-in.o
  CC      drivers/mtd/nand/spi/esmt.o
  CC      lib/lzma/LzmaDec.o
  CC      fs/ubifs/lpt.o
  CC      drivers/mtd/nand/spi/fmsh.o
  CC      lib/libfdt/fdt_ro.o
  CC      drivers/mtd/nand/spi/dosilicon.o
  AR      drivers/mtd/nand/spi/spinand.o
  AR      drivers/mtd/nand/spi/built-in.o
  CC      drivers/mtd/nand/bbt.o
  AR      drivers/mtd/nand/nandcore.o
  CC      lib/libfdt/fdt_wip.o
  CC      lib/lzma/LzmaTools.o
  AR      drivers/mtd/nand/built-in.o
  AR      lib/lzma/built-in.o
  CC      lib/libfdt/fdt_strerror.o
  AR      drivers/mtd/spi/built-in.o
  CC      drivers/mtd/ubi/attach.o
  CC      lib/libfdt/fdt_sw.o
  CC      drivers/mtd/mtdcore.o
  CC      fs/ubifs/lpt_commit.o
  CC      lib/libfdt/fdt_rw.o
  CC      fs/fs_internal.o
  CC      net/arp.o
  CC      lib/libfdt/fdt_empty_tree.o
  CC      lib/libfdt/fdt_addresses.o
  CC      net/bootp.o
  CC      fs/ubifs/scan.o
  AR      lib/libfdt/built-in.o
  CC      drivers/mtd/ubi/build.o
  CC      lib/lzo/lzo1x_decompress.o
  CC      net/eth-uclass.o
  CC      fs/ubifs/lprops.o
  AR      lib/lzo/built-in.o
  CC      lib/zlib/zlib.o
  CC      drivers/mtd/ubi/vtbl.o
  CC      net/eth_bootdev.o
  CC      fs/ubifs/tnc.o
  CC      net/eth_common.o
  CC      net/net.o
  CC      drivers/mtd/ubi/vmt.o
  CC      net/ping.o
  CC      net/tftp.o
  CC      drivers/mtd/ubi/upd.o
  AR      lib/zlib/built-in.o
  CC      lib/charset.o
  CC      drivers/mtd/ubi/kapi.o
  CC      net/tcp.o
  CC      fs/ubifs/tnc_misc.o
  CC      drivers/mtd/ubi/eba.o
  CC      lib/crc8.o
  CC      lib/crc16.o
  CC      lib/crc16-ccitt.o
  CC      lib/fdtdec_common.o
  CC      net/httpd.o
  CC      fs/ubifs/debug.o
  CC      lib/ldiv.o
  CC      lib/net_utils.o
  CC      lib/rc4.o
  CC      lib/rbtree.o
  AR      net/built-in.o
  CC      drivers/mtd/ubi/io.o
  CC      drivers/pci/pci-uclass.o
  CC      lib/list_sort.o
  CC      lib/md5.o
  CC      fs/ubifs/budget.o
  CC      fs/ubifs/log.o
  CC      lib/hash-checksum.o
  CC      drivers/mtd/ubi/wl.o
  CC      lib/sha1.o
  CC      drivers/pci/pci_auto.o
  CC      fs/ubifs/orphan.o
  CC      drivers/pci/pci_auto_common.o
  CC      drivers/pci/pci_common.o
  CC      lib/sha256.o
  CC      drivers/pci/pcie_mediatek.o
  CC      fs/ubifs/recovery.o
  CC      drivers/mtd/ubi/crc32.o
  CC      drivers/mtd/ubi/misc.o
  CC      drivers/mtd/ubi/debug.o
  AR      drivers/pci/built-in.o
  CC      drivers/mtd/mtd_uboot.o
  CC      lib/gunzip.o
  CC      fs/ubifs/replay.o
  AR      drivers/mtd/ubi/built-in.o
  CC      drivers/mtd/mtd-uclass.o
  CC      drivers/mtd/mtdpart.o
  CC      lib/lz4_wrapper.o
  AR      drivers/pinctrl/broadcom/built-in.o
  CC      drivers/pinctrl/mediatek/pinctrl-mtk-common.o
  CC      fs/ubifs/gc.o
  AR      drivers/mtd/mtd.o
  AR      fs/ubifs/built-in.o
  CC      drivers/pinctrl/mediatek/pinctrl-mt7986.o
  AR      drivers/mtd/built-in.o
  CC      lib/fdtdec.o
  AR      fs/built-in.o
  AR      drivers/pinctrl/nxp/built-in.o
  CC      drivers/pinctrl/pinctrl-uclass.o
  AR      drivers/pinctrl/mediatek/built-in.o
  CC      lib/qsort.o
  AR      drivers/power/battery/built-in.o
  CC      drivers/power/domain/power-domain-uclass.o
  CC      drivers/power/domain/mtk-power-domain.o
  CC      drivers/pinctrl/pinctrl-generic.o
  AR      drivers/pwm/built-in.o
  AR      drivers/power/fuel_gauge/built-in.o
  CC      lib/hashtable.o
  AR      drivers/power/domain/built-in.o
  AR      drivers/power/mfd/built-in.o
  AR      drivers/pinctrl/built-in.o
  AR      drivers/power/pmic/built-in.o
  CC      drivers/power/regulator/regulator-uclass.o
  CC      lib/errno.o
  CC      drivers/power/regulator/regulator_common.o
  CC      lib/display_options.o
  CC      drivers/reset/reset-uclass.o
  CC      drivers/power/regulator/fixed.o
  CC      drivers/reset/reset-mediatek.o
  AR      drivers/power/regulator/built-in.o
  CC      lib/crc32.o
  AR      drivers/power/built-in.o
  AR      drivers/reset/built-in.o
  AR      drivers/rtc/built-in.o
  AR      drivers/scsi/built-in.o
  CC      drivers/serial/serial-uclass.o
  CC      lib/ctype.o
  CC      lib/div64.o
  CC      drivers/serial/serial_mtk.o
  CC      lib/hang.o
  AR      drivers/smem/built-in.o
  CC      lib/linux_compat.o
  AR      drivers/soc/built-in.o
  CC      lib/linux_string.o
  AR      drivers/sound/built-in.o
  CC      lib/lmb.o
  CC      drivers/spi/spi-uclass.o
  AR      drivers/spmi/built-in.o
  CC      drivers/spi/spi-mem.o
  AR      drivers/serial/built-in.o
  AR      drivers/thermal/built-in.o
  CC      lib/membuff.o
  CC      drivers/spi/mtk_spim.o
  AR      drivers/ufs/built-in.o
  CC      lib/slre.o
  CC      lib/string.o
  AR      drivers/video/bridge/built-in.o
  AR      drivers/video/sunxi/built-in.o
  AR      drivers/video/ti/built-in.o
  AR      drivers/video/built-in.o
  CC      lib/tables_csum.o
  AR      drivers/watchdog/built-in.o
  CC      lib/time.o
  AR      drivers/spi/built-in.o
  CC      lib/hexdump.o
  CC      lib/uuid.o
  AR      drivers/built-in.o
  CC      lib/rand.o
  CC      lib/panic.o
  CC      lib/vsprintf.o
  CC      lib/strto.o
  CC      lib/abuf.o
  CC      lib/date.o
  CC      lib/rtc-lib.o
  AR      lib/built-in.o
  LD      u-boot
aarch64-linux-gnu-ld.bfd: warning: u-boot has a LOAD segment with RWX permissions
  OBJCOPY u-boot.srec
  OBJCOPY u-boot-nodtb.bin
  SYM     u-boot.sym
  RELOC   u-boot-nodtb.bin
  COPY    u-boot.bin
  MKIMAGE u-boot-mtk.bin
make: Leaving directory '/home/runner/work/bl-mt798x-oss/bl-mt798x-oss/uboot-mtk-20220606'
u-boot build done!
Build atf...
make: Entering directory '/home/runner/work/bl-mt798x-oss/bl-mt798x-oss/atf-20250212-e09077068'
  CLEAN
make: Leaving directory '/home/runner/work/bl-mt798x-oss/bl-mt798x-oss/atf-20250212-e09077068'
make: Entering directory '/home/runner/work/bl-mt798x-oss/bl-mt798x-oss/atf-20250212-e09077068'
Loaded configuration '/home/runner/work/bl-mt798x-oss/bl-mt798x-oss/atf-20250212-e09077068/configs/mt7986_tplink_tl-xdr608x_defconfig'
Configuration saved to '.config'
Loaded configuration '.config'
No change to configuration in '.config'
make: Leaving directory '/home/runner/work/bl-mt798x-oss/bl-mt798x-oss/atf-20250212-e09077068'
make: Entering directory '/home/runner/work/bl-mt798x-oss/bl-mt798x-oss/atf-20250212-e09077068'
  MD      /home/runner/work/bl-mt798x-oss/bl-mt798x-oss/atf-20250212-e09077068/build/mt7986/release/libfdt
  MD      /home/runner/work/bl-mt798x-oss/bl-mt798x-oss/atf-20250212-e09077068/build/mt7986/release/lib
Building mt7986
  MD      /home/runner/work/bl-mt798x-oss/bl-mt798x-oss/atf-20250212-e09077068/build/mt7986/release/libc
  MD      /home/runner/work/bl-mt798x-oss/bl-mt798x-oss/atf-20250212-e09077068/build/mt7986/release/bl2
  CC      plat/mediatek/mt7986/drivers/pll/pll.c
  CC      plat/mediatek/mt7986/drivers/spi/boot_spi.c
  CC      plat/mediatek/mt7986/drivers/timer/timer.c
  AS      bl2/aarch64/bl2_el3_entrypoint.S
  AS      bl2/aarch64/bl2_el3_exceptions.S
  AS      bl2/aarch64/bl2_run_next_image.S
  AS      common/aarch64/debug.S
  AS      common/aarch64/early_exceptions.S
  AS      lib/aarch64/cache_helpers.S
  AS      lib/aarch64/misc_helpers.S
  AS      lib/cpus/aarch64/cortex_a53.S
  AS      lib/cpus/aarch64/cpu_helpers.S
  AS      lib/cpus/aarch64/dsu_helpers.S
  AS      lib/locks/exclusive/aarch64/spinlock.S
  AS      plat/common/aarch64/platform_helpers.S
  AS      plat/common/aarch64/platform_up_stack.S
  AS      plat/mediatek/apsoc_common/drivers/uart/aarch64/hsuart.S
  AS      plat/mediatek/mt7986/aarch64/plat_helpers.S
  MD      /home/runner/work/bl-mt798x-oss/bl-mt798x-oss/atf-20250212-e09077068/build/mt7986/release/fdts
  MD      /home/runner/work/bl-mt798x-oss/bl-mt798x-oss/atf-20250212-e09077068/build/mt7986/release/bl2/bl2
true
  MD      /home/runner/work/bl-mt798x-oss/bl-mt798x-oss/atf-20250212-e09077068/build/mt7986/release/bl31
  MD      /home/runner/work/bl-mt798x-oss/bl-mt798x-oss/atf-20250212-e09077068/build/mt7986/release/bl31/bl31
  CC      lib/libfdt/fdt.c
  CC      lib/libfdt/fdt_addresses.c
  CC      lib/libfdt/fdt_empty_tree.c
  CC      lib/libfdt/fdt_ro.c
  CC      lib/libfdt/fdt_rw.c
  HOSTCC  fiptool.c
  CC      lib/libfdt/fdt_strerror.c
  CC      lib/libfdt/fdt_sw.c
  CC      lib/libfdt/fdt_wip.c
  CC      lib/libc/abort.c
  CC      lib/libc/assert.c
  CC      lib/libc/exit.c
  CC      lib/libc/memchr.c
  CC      lib/libc/memcmp.c
  CC      lib/libc/memcpy.c
  HOSTCC  tbbr_config.c
  CC      lib/libc/memcpy_s.c
  CC      lib/libc/memmove.c
  CC      lib/libc/memrchr.c
  CC      lib/libc/printf.c
  CC      lib/libc/putchar.c
  CC      lib/libc/puts.c
  CC      lib/libc/snprintf.c
  CC      lib/libc/strchr.c
  CC      lib/libc/strcmp.c
  CC      lib/libc/strlcat.c
  HOSTLD  fiptool
  CC      lib/libc/strlcpy.c
  CC      lib/libc/strlen.c

Built fiptool successfully

  CC      lib/libc/strncmp.c
  CC      lib/libc/strnlen.c
  CC      lib/libc/strrchr.c
  CC      lib/libc/strtok.c
  CC      lib/libc/strtoul.c
  CC      lib/libc/strtoll.c
  CC      lib/libc/strtoull.c
  CC      lib/libc/strtol.c
  CC      lib/libc/memset.c
  AS      lib/libc/aarch64/setjmp.S
  CC      bl2/aarch64/bl2_arch_setup.c
  CC      bl2/bl2_image_load_v2.c
  CC      bl2/bl2_main.c
  CC      common/bl_common.c
  CC      common/desc_image_load.c
  CC      common/image_decompress.c
  CC      common/tf_log.c
  CC      drivers/console/multi_console.c
  CC      drivers/delay_timer/delay_timer.c
  CC      drivers/delay_timer/generic_delay_timer.c
  CC      drivers/gpio/gpio.c
  CC      drivers/io/io_block.c
  CC      drivers/io/io_fip.c
  CC      drivers/io/io_storage.c
  CC      drivers/mtd/nand/core.c
  CC      drivers/mtd/spi-mem/spi_mem.c
  CC      lib/compiler-rt/builtins/popcountdi2.c
  CC      lib/compiler-rt/builtins/popcountsi2.c
  CC      lib/extensions/pmuv3/aarch64/pmuv3.c
  CC      lib/xz/tf_unxz.c
  CC      lib/xz/xz_crc32.c
  CC      lib/xz/xz_crc64.c
  CC      lib/xz/xz_dec_bcj.c
  CC      lib/xz/xz_dec_lzma2.c
  CC      lib/xz/xz_dec_stream.c
  CC      plat/common/aarch64/plat_common.c
  CC      plat/common/plat_bl_common.c
  CC      plat/common/plat_log_common.c
  CC      plat/mediatek/apsoc_common/bl2/bl2_boot_nand.c
  CC      plat/mediatek/apsoc_common/bl2/bl2_dev_spi_nand_init.c
  CC      plat/mediatek/apsoc_common/bl2/bl2_plat_setup.c
  CC      plat/mediatek/apsoc_common/drivers/efuse/mtk_efuse.c
  CC      plat/mediatek/apsoc_common/drivers/spi/mtk_spi.c
  CC      plat/mediatek/apsoc_common/drivers/spi_nand/mtk_spi_nand.c
  CC      plat/mediatek/apsoc_common/drivers/wdt/mtk_wdt.c
  CC      plat/mediatek/mt7986/aarch64/platform_common.c
  CC      plat/mediatek/mt7986/bl2/bl2_dev_qspi.c
  CC      plat/mediatek/mt7986/bl2/bl2_dev_spi_nand.c
  CC      plat/mediatek/mt7986/bl2/bl2_plat_init.c
  CC      plat/mediatek/mt7986/drivers/dram/emicfg.c
  CC      plat/mediatek/mt7986/drivers/gpio/mt7986_gpio.c
  CPP     fdts/mt7986.dts
  PP      bl2/bl2_el3.ld.S
  CC      bl31/bl31_context_mgmt.c
  CC      bl31/bl31_main.c
  CC      bl31/bl31_traps.c
  CC      bl31/interrupt_mgmt.c
  CC      common/bl_common.c
  CC      common/runtime_svc.c
  CC      common/tf_log.c
  CC      drivers/arm/cci/cci.c
  CC      drivers/arm/gic/v3/arm_gicv3_common.c
  CC      drivers/arm/gic/v3/gic-x00.c
  CC      drivers/arm/gic/v3/gicdv3_helpers.c
  CC      drivers/arm/gic/v3/gicrv3_helpers.c
  CC      drivers/arm/gic/v3/gicv3_helpers.c
  CC      drivers/arm/gic/v3/gicv3_main.c
  CC      drivers/console/multi_console.c
  CC      drivers/delay_timer/delay_timer.c
  CC      drivers/delay_timer/generic_delay_timer.c
  CC      lib/compiler-rt/builtins/popcountdi2.c
  CC      lib/compiler-rt/builtins/popcountsi2.c
  CC      lib/cpus/errata_common.c
  CC      lib/cpus/errata_report.c
  CC      lib/el3_runtime/aarch64/context_mgmt.c
  CC      lib/el3_runtime/cpu_data_array.c
  CC      lib/el3_runtime/simd_ctx.c
  CC      lib/extensions/mpam/mpam.c
  CC      lib/extensions/pmuv3/aarch64/pmuv3.c
  CC      lib/extensions/spe/spe.c
  CC      lib/locks/bakery/bakery_lock_coherent.c
  CC      lib/psci/psci_common.c
  CC      lib/psci/psci_main.c
  CC      lib/psci/psci_mem_protect.c
  CC      lib/psci/psci_off.c
  CC      lib/psci/psci_on.c
  CC      lib/psci/psci_setup.c
  CC      lib/psci/psci_suspend.c
  CC      lib/psci/psci_system_off.c
  CC      lib/xlat_tables_v2/aarch64/xlat_tables_arch.c
  CC      lib/xlat_tables_v2/xlat_tables_context.c
  CC      lib/xlat_tables_v2/xlat_tables_core.c
  CC      lib/xlat_tables_v2/xlat_tables_utils.c
  CC      plat/common/aarch64/plat_common.c
  CC      plat/common/plat_bl_common.c
  CC      plat/common/plat_gicv3.c
  CC      plat/common/plat_log_common.c
  CC      plat/mediatek/apsoc_common/bl31/apsoc_sip_svc_common.c
  CC      plat/mediatek/apsoc_common/bl31/bl31_common_setup.c
  CC      plat/mediatek/apsoc_common/bl31/mtk_boot_next.c
  CC      plat/mediatek/apsoc_common/bl31/mtk_gic_v3.c
  CC      plat/mediatek/apsoc_common/bl31/mtk_sip_svc.c
  CC      plat/mediatek/apsoc_common/bl31/plat_pm.c
  CC      plat/mediatek/apsoc_common/bl31/plat_topology.c
  CC      plat/mediatek/apsoc_common/drivers/efuse/mtk_efuse.c
  CC      plat/mediatek/apsoc_common/drivers/trng/v1/rng.c
  CC      plat/mediatek/apsoc_common/drivers/wdt/mtk_wdt.c
  CC      plat/mediatek/mt7986/aarch64/platform_common.c
  CC      plat/mediatek/mt7986/bl31/bl31_plat_pm.c
  CC      plat/mediatek/mt7986/bl31/bl31_plat_setup.c
  CC      plat/mediatek/mt7986/bl31/plat_sip_calls.c
  CC      plat/mediatek/mt7986/drivers/devapc/devapc.c
  CC      plat/mediatek/mt7986/drivers/dram/emi_mpu.c
  CC      plat/mediatek/mt7986/drivers/spmc/mtspmc.c
  CC      plat/mediatek/mt7986/drivers/timer/timer.c
  CC      services/arm_arch_svc/arm_arch_svc_setup.c
  CC      services/std_svc/std_svc_setup.c
  AS      bl31/aarch64/bl31_entrypoint.S
  AS      bl31/aarch64/crash_reporting.S
  AS      bl31/aarch64/runtime_exceptions.S
  AS      common/aarch64/debug.S
  AS      lib/aarch64/cache_helpers.S
  AS      lib/aarch64/misc_helpers.S
  AS      lib/cpus/aarch64/aem_generic.S
  AS      lib/cpus/aarch64/cortex_a53.S
  AS      lib/cpus/aarch64/cpu_helpers.S
  AS      lib/cpus/aarch64/dsu_helpers.S
  AS      lib/cpus/aarch64/wa_cve_2017_5715_bpiall.S
  AS      lib/cpus/aarch64/wa_cve_2017_5715_mmu.S
  AS      lib/el3_runtime/aarch64/context.S
  AS      lib/el3_runtime/aarch64/cpu_data.S
  AS      lib/locks/exclusive/aarch64/spinlock.S
  AS      lib/psci/aarch64/psci_helpers.S
  AS      lib/xlat_tables_v2/aarch64/enable_mmu.S
  AS      plat/common/aarch64/platform_helpers.S
  AS      plat/common/aarch64/platform_mp_stack.S
  AS      plat/mediatek/apsoc_common/drivers/uart/aarch64/hsuart.S
  AS      plat/mediatek/mt7986/aarch64/plat_helpers.S
  PP      bl31/bl31.ld.S
  AR      /home/runner/work/bl-mt798x-oss/bl-mt798x-oss/atf-20250212-e09077068/build/mt7986/release/lib/libfdt.a
  AR      /home/runner/work/bl-mt798x-oss/bl-mt798x-oss/atf-20250212-e09077068/build/mt7986/release/lib/libc.a
  DTC     /home/runner/work/bl-mt798x-oss/bl-mt798x-oss/atf-20250212-e09077068/build/mt7986/release/fdts/mt7986.pre.dts
  AS      plat/mediatek/mt7986/bl2/dtb.S
  LD      /home/runner/work/bl-mt798x-oss/bl-mt798x-oss/atf-20250212-e09077068/build/mt7986/release/bl2/bl2.elf
  LD      /home/runner/work/bl-mt798x-oss/bl-mt798x-oss/atf-20250212-e09077068/build/mt7986/release/bl31/bl31.elf
  BIN     /home/runner/work/bl-mt798x-oss/bl-mt798x-oss/atf-20250212-e09077068/build/mt7986/release/bl2.bin
  OD      /home/runner/work/bl-mt798x-oss/bl-mt798x-oss/atf-20250212-e09077068/build/mt7986/release/bl2/bl2.dump

  BIN     /home/runner/work/bl-mt798x-oss/bl-mt798x-oss/atf-20250212-e09077068/build/mt7986/release/bl31.bin
  OD      /home/runner/work/bl-mt798x-oss/bl-mt798x-oss/atf-20250212-e09077068/build/mt7986/release/bl31/bl31.dump
Built /home/runner/work/bl-mt798x-oss/bl-mt798x-oss/atf-20250212-e09077068/build/mt7986/release/bl2.bin successfully


Built /home/runner/work/bl-mt798x-oss/bl-mt798x-oss/atf-20250212-e09077068/build/mt7986/release/bl31.bin successfully

EL3 Runtime Firmware BL31: offset=0x88, size=0xA2B1, cmdline="--soc-fw"
Non-Trusted Firmware BL33: offset=0xA339, size=0xBA980, cmdline="--nt-fw"

Built /home/runner/work/bl-mt798x-oss/bl-mt798x-oss/atf-20250212-e09077068/build/mt7986/release/fip.bin successfully

make: Leaving directory '/home/runner/work/bl-mt798x-oss/bl-mt798x-oss/atf-20250212-e09077068'
mt7986_tplink_tl-xdr608x-fip-fixed-parts build done
mt7986_tplink_tl-xdr608x-bl2 build done
